{"C:\\Users\\monom\\Desktop\\FluxoDeCaixa---BACKEND\\src\\controllers\\authController.ts": {"path":"C:\\Users\\monom\\Desktop\\FluxoDeCaixa---BACKEND\\src\\controllers\\authController.ts","statementMap":{"0":{"start":{"line":2,"column":0},"end":{"line":2,"column":44}},"1":{"start":{"line":5,"column":0},"end":{"line":5,"column":31}},"2":{"start":{"line":6,"column":19},"end":{"line":6,"column":60}},"3":{"start":{"line":7,"column":23},"end":{"line":7,"column":75}},"4":{"start":{"line":10,"column":24},"end":{"line":31,"column":1}},"5":{"start":{"line":11,"column":42},"end":{"line":11,"column":50}},"6":{"start":{"line":13,"column":2},"end":{"line":16,"column":3}},"7":{"start":{"line":14,"column":4},"end":{"line":14,"column":60}},"8":{"start":{"line":15,"column":4},"end":{"line":15,"column":10}},"9":{"start":{"line":18,"column":2},"end":{"line":21,"column":3}},"10":{"start":{"line":19,"column":4},"end":{"line":19,"column":74}},"11":{"start":{"line":20,"column":4},"end":{"line":20,"column":10}},"12":{"start":{"line":23,"column":35},"end":{"line":23,"column":49}},"13":{"start":{"line":25,"column":2},"end":{"line":30,"column":3}},"14":{"start":{"line":26,"column":17},"end":{"line":26,"column":90}},"15":{"start":{"line":27,"column":4},"end":{"line":27,"column":79}},"16":{"start":{"line":29,"column":4},"end":{"line":29,"column":64}},"17":{"start":{"line":10,"column":13},"end":{"line":10,"column":24}},"18":{"start":{"line":34,"column":21},"end":{"line":81,"column":1}},"19":{"start":{"line":35,"column":30},"end":{"line":35,"column":38}},"20":{"start":{"line":37,"column":2},"end":{"line":40,"column":3}},"21":{"start":{"line":38,"column":4},"end":{"line":38,"column":74}},"22":{"start":{"line":39,"column":4},"end":{"line":39,"column":10}},"23":{"start":{"line":42,"column":2},"end":{"line":80,"column":3}},"24":{"start":{"line":43,"column":17},"end":{"line":43,"column":59}},"25":{"start":{"line":46,"column":24},"end":{"line":49,"column":null}},"26":{"start":{"line":53,"column":25},"end":{"line":56,"column":null}},"27":{"start":{"line":59,"column":4},"end":{"line":65,"column":null}},"28":{"start":{"line":67,"column":4},"end":{"line":76,"column":7}},"29":{"start":{"line":78,"column":25},"end":{"line":78,"column":85}},"30":{"start":{"line":79,"column":4},"end":{"line":79,"column":52}},"31":{"start":{"line":34,"column":13},"end":{"line":34,"column":21}},"32":{"start":{"line":84,"column":28},"end":{"line":105,"column":1}},"33":{"start":{"line":85,"column":16},"end":{"line":85,"column":40}},"34":{"start":{"line":87,"column":2},"end":{"line":90,"column":3}},"35":{"start":{"line":88,"column":4},"end":{"line":88,"column":71}},"36":{"start":{"line":89,"column":4},"end":{"line":89,"column":11}},"37":{"start":{"line":92,"column":2},"end":{"line":104,"column":3}},"38":{"start":{"line":93,"column":20},"end":{"line":93,"column":71}},"39":{"start":{"line":95,"column":27},"end":{"line":98,"column":null}},"40":{"start":{"line":101,"column":4},"end":{"line":101,"column":58}},"41":{"start":{"line":103,"column":4},"end":{"line":103,"column":77}},"42":{"start":{"line":84,"column":13},"end":{"line":84,"column":28}},"43":{"start":{"line":108,"column":22},"end":{"line":116,"column":1}},"44":{"start":{"line":109,"column":2},"end":{"line":113,"column":5}},"45":{"start":{"line":115,"column":2},"end":{"line":115,"column":69}},"46":{"start":{"line":108,"column":13},"end":{"line":108,"column":22}}},"fnMap":{"0":{"name":"(anonymous_1)","decl":{"start":{"line":10,"column":24},"end":{"line":10,"column":29}},"loc":{"start":{"line":10,"column":77},"end":{"line":31,"column":1}}},"1":{"name":"(anonymous_2)","decl":{"start":{"line":34,"column":21},"end":{"line":34,"column":26}},"loc":{"start":{"line":34,"column":74},"end":{"line":81,"column":1}}},"2":{"name":"(anonymous_3)","decl":{"start":{"line":84,"column":28},"end":{"line":84,"column":29}},"loc":{"start":{"line":84,"column":66},"end":{"line":105,"column":1}}},"3":{"name":"(anonymous_4)","decl":{"start":{"line":108,"column":22},"end":{"line":108,"column":23}},"loc":{"start":{"line":108,"column":60},"end":{"line":116,"column":1}}}},"branchMap":{"0":{"loc":{"start":{"line":6,"column":19},"end":{"line":6,"column":60}},"type":"binary-expr","locations":[{"start":{"line":6,"column":19},"end":{"line":6,"column":41}},{"start":{"line":6,"column":45},"end":{"line":6,"column":60}}]},"1":{"loc":{"start":{"line":7,"column":23},"end":{"line":7,"column":75}},"type":"binary-expr","locations":[{"start":{"line":7,"column":23},"end":{"line":7,"column":49}},{"start":{"line":7,"column":53},"end":{"line":7,"column":75}}]},"2":{"loc":{"start":{"line":13,"column":2},"end":{"line":16,"column":3}},"type":"if","locations":[{"start":{"line":13,"column":2},"end":{"line":16,"column":3}},{"start":{},"end":{}}]},"3":{"loc":{"start":{"line":13,"column":5},"end":{"line":13,"column":33}},"type":"binary-expr","locations":[{"start":{"line":13,"column":5},"end":{"line":13,"column":10}},{"start":{"line":13,"column":14},"end":{"line":13,"column":20}},{"start":{"line":13,"column":24},"end":{"line":13,"column":33}}]},"4":{"loc":{"start":{"line":18,"column":2},"end":{"line":21,"column":3}},"type":"if","locations":[{"start":{"line":18,"column":2},"end":{"line":21,"column":3}},{"start":{},"end":{}}]},"5":{"loc":{"start":{"line":23,"column":35},"end":{"line":23,"column":49}},"type":"binary-expr","locations":[{"start":{"line":23,"column":35},"end":{"line":23,"column":39}},{"start":{"line":23,"column":43},"end":{"line":23,"column":49}}]},"6":{"loc":{"start":{"line":37,"column":2},"end":{"line":40,"column":3}},"type":"if","locations":[{"start":{"line":37,"column":2},"end":{"line":40,"column":3}},{"start":{},"end":{}}]},"7":{"loc":{"start":{"line":37,"column":5},"end":{"line":37,"column":24}},"type":"binary-expr","locations":[{"start":{"line":37,"column":5},"end":{"line":37,"column":11}},{"start":{"line":37,"column":15},"end":{"line":37,"column":24}}]},"8":{"loc":{"start":{"line":78,"column":25},"end":{"line":78,"column":85}},"type":"cond-expr","locations":[{"start":{"line":78,"column":50},"end":{"line":78,"column":63}},{"start":{"line":78,"column":66},"end":{"line":78,"column":85}}]},"9":{"loc":{"start":{"line":87,"column":2},"end":{"line":90,"column":3}},"type":"if","locations":[{"start":{"line":87,"column":2},"end":{"line":90,"column":3}},{"start":{},"end":{}}]}},"s":{"0":4,"1":4,"2":4,"3":4,"4":4,"5":6,"6":6,"7":1,"8":1,"9":5,"10":1,"11":1,"12":4,"13":4,"14":4,"15":0,"16":4,"17":4,"18":4,"19":3,"20":3,"21":1,"22":1,"23":2,"24":2,"25":1,"26":1,"27":1,"28":1,"29":1,"30":1,"31":4,"32":4,"33":2,"34":2,"35":1,"36":1,"37":1,"38":1,"39":0,"40":0,"41":1,"42":4,"43":4,"44":1,"45":1,"46":4},"f":{"0":6,"1":3,"2":2,"3":1},"b":{"0":[4,0],"1":[4,4],"2":[1,5],"3":[6,5,5],"4":[1,4],"5":[4,1],"6":[1,2],"7":[3,2],"8":[1,0],"9":[1,1]}}
,"C:\\Users\\monom\\Desktop\\FluxoDeCaixa---BACKEND\\src\\controllers\\flowController.ts": {"path":"C:\\Users\\monom\\Desktop\\FluxoDeCaixa---BACKEND\\src\\controllers\\flowController.ts","statementMap":{"0":{"start":{"line":2,"column":0},"end":{"line":2,"column":44}},"1":{"start":{"line":5,"column":35},"end":{"line":13,"column":1}},"2":{"start":{"line":6,"column":13},"end":{"line":6,"column":34}},"3":{"start":{"line":7,"column":2},"end":{"line":12,"column":3}},"4":{"start":{"line":8,"column":18},"end":{"line":8,"column":52}},"5":{"start":{"line":9,"column":4},"end":{"line":9,"column":20}},"6":{"start":{"line":11,"column":4},"end":{"line":11,"column":69}},"7":{"start":{"line":5,"column":13},"end":{"line":5,"column":35}},"8":{"start":{"line":16,"column":27},"end":{"line":24,"column":1}},"9":{"start":{"line":17,"column":13},"end":{"line":17,"column":34}},"10":{"start":{"line":18,"column":2},"end":{"line":23,"column":3}},"11":{"start":{"line":19,"column":17},"end":{"line":19,"column":44}},"12":{"start":{"line":20,"column":4},"end":{"line":20,"column":19}},"13":{"start":{"line":22,"column":4},"end":{"line":22,"column":68}},"14":{"start":{"line":16,"column":13},"end":{"line":16,"column":27}},"15":{"start":{"line":27,"column":26},"end":{"line":43,"column":1}},"16":{"start":{"line":28,"column":88},"end":{"line":28,"column":96}},"17":{"start":{"line":29,"column":2},"end":{"line":42,"column":3}},"18":{"start":{"line":30,"column":20},"end":{"line":38,"column":6}},"19":{"start":{"line":39,"column":4},"end":{"line":39,"column":22}},"20":{"start":{"line":41,"column":4},"end":{"line":41,"column":67}},"21":{"start":{"line":27,"column":13},"end":{"line":27,"column":26}},"22":{"start":{"line":47,"column":26},"end":{"line":64,"column":1}},"23":{"start":{"line":48,"column":13},"end":{"line":48,"column":34}},"24":{"start":{"line":49,"column":88},"end":{"line":49,"column":96}},"25":{"start":{"line":50,"column":2},"end":{"line":63,"column":3}},"26":{"start":{"line":51,"column":23},"end":{"line":59,"column":6}},"27":{"start":{"line":60,"column":4},"end":{"line":60,"column":25}},"28":{"start":{"line":62,"column":4},"end":{"line":62,"column":71}},"29":{"start":{"line":47,"column":13},"end":{"line":47,"column":26}},"30":{"start":{"line":68,"column":26},"end":{"line":76,"column":1}},"31":{"start":{"line":69,"column":13},"end":{"line":69,"column":34}},"32":{"start":{"line":70,"column":2},"end":{"line":75,"column":3}},"33":{"start":{"line":71,"column":21},"end":{"line":71,"column":47}},"34":{"start":{"line":72,"column":4},"end":{"line":72,"column":74}},"35":{"start":{"line":74,"column":4},"end":{"line":74,"column":69}},"36":{"start":{"line":68,"column":13},"end":{"line":68,"column":26}}},"fnMap":{"0":{"name":"(anonymous_1)","decl":{"start":{"line":5,"column":35},"end":{"line":5,"column":40}},"loc":{"start":{"line":5,"column":73},"end":{"line":13,"column":1}}},"1":{"name":"(anonymous_2)","decl":{"start":{"line":16,"column":27},"end":{"line":16,"column":32}},"loc":{"start":{"line":16,"column":65},"end":{"line":24,"column":1}}},"2":{"name":"(anonymous_3)","decl":{"start":{"line":27,"column":26},"end":{"line":27,"column":31}},"loc":{"start":{"line":27,"column":64},"end":{"line":43,"column":1}}},"3":{"name":"(anonymous_4)","decl":{"start":{"line":47,"column":26},"end":{"line":47,"column":31}},"loc":{"start":{"line":47,"column":64},"end":{"line":64,"column":1}}},"4":{"name":"(anonymous_5)","decl":{"start":{"line":68,"column":26},"end":{"line":68,"column":31}},"loc":{"start":{"line":68,"column":64},"end":{"line":76,"column":1}}}},"branchMap":{},"s":{"0":4,"1":4,"2":2,"3":2,"4":2,"5":1,"6":1,"7":4,"8":4,"9":2,"10":2,"11":2,"12":1,"13":1,"14":4,"15":4,"16":1,"17":1,"18":1,"19":1,"20":0,"21":4,"22":4,"23":3,"24":3,"25":3,"26":3,"27":0,"28":3,"29":4,"30":4,"31":3,"32":3,"33":3,"34":1,"35":2,"36":4},"f":{"0":2,"1":2,"2":1,"3":3,"4":3},"b":{}}
,"C:\\Users\\monom\\Desktop\\FluxoDeCaixa---BACKEND\\src\\controllers\\recPasswordController.ts": {"path":"C:\\Users\\monom\\Desktop\\FluxoDeCaixa---BACKEND\\src\\controllers\\recPasswordController.ts","statementMap":{"0":{"start":{"line":2,"column":0},"end":{"line":2,"column":36}},"1":{"start":{"line":3,"column":0},"end":{"line":3,"column":44}},"2":{"start":{"line":4,"column":0},"end":{"line":4,"column":28}},"3":{"start":{"line":5,"column":0},"end":{"line":5,"column":28}},"4":{"start":{"line":7,"column":0},"end":{"line":7,"column":16}},"5":{"start":{"line":8,"column":0},"end":{"line":8,"column":48}},"6":{"start":{"line":10,"column":33},"end":{"line":142,"column":1}},"7":{"start":{"line":11,"column":20},"end":{"line":11,"column":28}},"8":{"start":{"line":13,"column":2},"end":{"line":16,"column":3}},"9":{"start":{"line":14,"column":4},"end":{"line":14,"column":61}},"10":{"start":{"line":15,"column":4},"end":{"line":15,"column":11}},"11":{"start":{"line":18,"column":4},"end":{"line":141,"column":5}},"12":{"start":{"line":19,"column":23},"end":{"line":19,"column":55}},"13":{"start":{"line":21,"column":4},"end":{"line":24,"column":5}},"14":{"start":{"line":22,"column":4},"end":{"line":22,"column":65}},"15":{"start":{"line":23,"column":4},"end":{"line":23,"column":11}},"16":{"start":{"line":27,"column":18},"end":{"line":27,"column":56}},"17":{"start":{"line":28,"column":23},"end":{"line":28,"column":60}},"18":{"start":{"line":30,"column":4},"end":{"line":30,"column":58}},"19":{"start":{"line":32,"column":28},"end":{"line":32,"column":102}},"20":{"start":{"line":35,"column":16},"end":{"line":132,"column":6}},"21":{"start":{"line":134,"column":4},"end":{"line":134,"column":27}},"22":{"start":{"line":135,"column":4},"end":{"line":135,"column":48}},"23":{"start":{"line":136,"column":4},"end":{"line":136,"column":69}},"24":{"start":{"line":139,"column":4},"end":{"line":139,"column":85}},"25":{"start":{"line":140,"column":4},"end":{"line":140,"column":72}},"26":{"start":{"line":10,"column":13},"end":{"line":10,"column":33}},"27":{"start":{"line":145,"column":27},"end":{"line":167,"column":1}},"28":{"start":{"line":146,"column":2},"end":{"line":166,"column":3}},"29":{"start":{"line":147,"column":18},"end":{"line":147,"column":43}},"30":{"start":{"line":149,"column":4},"end":{"line":152,"column":5}},"31":{"start":{"line":150,"column":6},"end":{"line":150,"column":79}},"32":{"start":{"line":151,"column":6},"end":{"line":151,"column":13}},"33":{"start":{"line":155,"column":24},"end":{"line":155,"column":60}},"34":{"start":{"line":157,"column":4},"end":{"line":160,"column":5}},"35":{"start":{"line":158,"column":6},"end":{"line":158,"column":71}},"36":{"start":{"line":159,"column":6},"end":{"line":159,"column":13}},"37":{"start":{"line":161,"column":4},"end":{"line":161,"column":55}},"38":{"start":{"line":164,"column":4},"end":{"line":164,"column":72}},"39":{"start":{"line":165,"column":4},"end":{"line":165,"column":72}},"40":{"start":{"line":145,"column":13},"end":{"line":145,"column":27}},"41":{"start":{"line":170,"column":29},"end":{"line":199,"column":1}},"42":{"start":{"line":171,"column":26},"end":{"line":171,"column":34}},"43":{"start":{"line":172,"column":16},"end":{"line":172,"column":41}},"44":{"start":{"line":174,"column":2},"end":{"line":177,"column":3}},"45":{"start":{"line":175,"column":4},"end":{"line":175,"column":78}},"46":{"start":{"line":176,"column":4},"end":{"line":176,"column":11}},"47":{"start":{"line":179,"column":2},"end":{"line":182,"column":3}},"48":{"start":{"line":180,"column":4},"end":{"line":180,"column":77}},"49":{"start":{"line":181,"column":4},"end":{"line":181,"column":11}},"50":{"start":{"line":184,"column":2},"end":{"line":198,"column":3}},"51":{"start":{"line":185,"column":17},"end":{"line":185,"column":53}},"52":{"start":{"line":186,"column":4},"end":{"line":189,"column":5}},"53":{"start":{"line":187,"column":6},"end":{"line":187,"column":71}},"54":{"start":{"line":188,"column":6},"end":{"line":188,"column":13}},"55":{"start":{"line":191,"column":4},"end":{"line":191,"column":70}},"56":{"start":{"line":192,"column":4},"end":{"line":192,"column":44}},"57":{"start":{"line":194,"column":4},"end":{"line":194,"column":71}},"58":{"start":{"line":196,"column":4},"end":{"line":196,"column":63}},"59":{"start":{"line":197,"column":4},"end":{"line":197,"column":72}},"60":{"start":{"line":170,"column":13},"end":{"line":170,"column":29}}},"fnMap":{"0":{"name":"(anonymous_1)","decl":{"start":{"line":10,"column":33},"end":{"line":10,"column":38}},"loc":{"start":{"line":10,"column":86},"end":{"line":142,"column":1}}},"1":{"name":"(anonymous_2)","decl":{"start":{"line":145,"column":27},"end":{"line":145,"column":32}},"loc":{"start":{"line":145,"column":80},"end":{"line":167,"column":1}}},"2":{"name":"(anonymous_3)","decl":{"start":{"line":170,"column":29},"end":{"line":170,"column":34}},"loc":{"start":{"line":170,"column":82},"end":{"line":199,"column":1}}}},"branchMap":{"0":{"loc":{"start":{"line":13,"column":2},"end":{"line":16,"column":3}},"type":"if","locations":[{"start":{"line":13,"column":2},"end":{"line":16,"column":3}},{"start":{},"end":{}}]},"1":{"loc":{"start":{"line":21,"column":4},"end":{"line":24,"column":5}},"type":"if","locations":[{"start":{"line":21,"column":4},"end":{"line":24,"column":5}},{"start":{},"end":{}}]},"2":{"loc":{"start":{"line":140,"column":36},"end":{"line":140,"column":68}},"type":"binary-expr","locations":[{"start":{"line":140,"column":36},"end":{"line":140,"column":49}},{"start":{"line":140,"column":53},"end":{"line":140,"column":68}}]},"3":{"loc":{"start":{"line":149,"column":4},"end":{"line":152,"column":5}},"type":"if","locations":[{"start":{"line":149,"column":4},"end":{"line":152,"column":5}},{"start":{},"end":{}}]},"4":{"loc":{"start":{"line":157,"column":4},"end":{"line":160,"column":5}},"type":"if","locations":[{"start":{"line":157,"column":4},"end":{"line":160,"column":5}},{"start":{},"end":{}}]},"5":{"loc":{"start":{"line":165,"column":36},"end":{"line":165,"column":68}},"type":"binary-expr","locations":[{"start":{"line":165,"column":36},"end":{"line":165,"column":49}},{"start":{"line":165,"column":53},"end":{"line":165,"column":68}}]},"6":{"loc":{"start":{"line":174,"column":2},"end":{"line":177,"column":3}},"type":"if","locations":[{"start":{"line":174,"column":2},"end":{"line":177,"column":3}},{"start":{},"end":{}}]},"7":{"loc":{"start":{"line":174,"column":6},"end":{"line":174,"column":28}},"type":"binary-expr","locations":[{"start":{"line":174,"column":6},"end":{"line":174,"column":12}},{"start":{"line":174,"column":16},"end":{"line":174,"column":28}}]},"8":{"loc":{"start":{"line":179,"column":2},"end":{"line":182,"column":3}},"type":"if","locations":[{"start":{"line":179,"column":2},"end":{"line":182,"column":3}},{"start":{},"end":{}}]},"9":{"loc":{"start":{"line":186,"column":4},"end":{"line":189,"column":5}},"type":"if","locations":[{"start":{"line":186,"column":4},"end":{"line":189,"column":5}},{"start":{},"end":{}}]},"10":{"loc":{"start":{"line":197,"column":36},"end":{"line":197,"column":68}},"type":"binary-expr","locations":[{"start":{"line":197,"column":36},"end":{"line":197,"column":49}},{"start":{"line":197,"column":53},"end":{"line":197,"column":68}}]}},"s":{"0":4,"1":4,"2":4,"3":4,"4":4,"5":4,"6":4,"7":3,"8":3,"9":1,"10":1,"11":2,"12":2,"13":2,"14":1,"15":1,"16":1,"17":1,"18":1,"19":1,"20":1,"21":1,"22":1,"23":1,"24":0,"25":0,"26":4,"27":4,"28":4,"29":4,"30":4,"31":2,"32":2,"33":2,"34":1,"35":1,"36":1,"37":0,"38":1,"39":1,"40":4,"41":4,"42":10,"43":10,"44":10,"45":3,"46":3,"47":7,"48":2,"49":2,"50":5,"51":5,"52":4,"53":1,"54":1,"55":3,"56":2,"57":1,"58":3,"59":3,"60":4},"f":{"0":3,"1":4,"2":10},"b":{"0":[1,2],"1":[1,1],"2":[0,0],"3":[2,2],"4":[1,0],"5":[1,0],"6":[3,7],"7":[10,8],"8":[2,5],"9":[1,3],"10":[3,0]}}
,"C:\\Users\\monom\\Desktop\\FluxoDeCaixa---BACKEND\\src\\controllers\\userController.ts": {"path":"C:\\Users\\monom\\Desktop\\FluxoDeCaixa---BACKEND\\src\\controllers\\userController.ts","statementMap":{"0":{"start":{"line":2,"column":0},"end":{"line":2,"column":44}},"1":{"start":{"line":5,"column":27},"end":{"line":12,"column":1}},"2":{"start":{"line":6,"column":2},"end":{"line":11,"column":3}},"3":{"start":{"line":7,"column":18},"end":{"line":7,"column":42}},"4":{"start":{"line":8,"column":4},"end":{"line":8,"column":20}},"5":{"start":{"line":10,"column":4},"end":{"line":10,"column":64}},"6":{"start":{"line":5,"column":13},"end":{"line":5,"column":27}},"7":{"start":{"line":15,"column":26},"end":{"line":25,"column":1}},"8":{"start":{"line":16,"column":13},"end":{"line":16,"column":34}},"9":{"start":{"line":17,"column":42},"end":{"line":17,"column":50}},"10":{"start":{"line":19,"column":2},"end":{"line":24,"column":3}},"11":{"start":{"line":20,"column":24},"end":{"line":20,"column":79}},"12":{"start":{"line":21,"column":4},"end":{"line":21,"column":26}},"13":{"start":{"line":23,"column":4},"end":{"line":23,"column":66}},"14":{"start":{"line":15,"column":13},"end":{"line":15,"column":26}},"15":{"start":{"line":28,"column":26},"end":{"line":36,"column":1}},"16":{"start":{"line":29,"column":13},"end":{"line":29,"column":34}},"17":{"start":{"line":30,"column":2},"end":{"line":35,"column":3}},"18":{"start":{"line":31,"column":24},"end":{"line":31,"column":50}},"19":{"start":{"line":32,"column":4},"end":{"line":32,"column":72}},"20":{"start":{"line":34,"column":4},"end":{"line":34,"column":64}},"21":{"start":{"line":28,"column":13},"end":{"line":28,"column":26}}},"fnMap":{"0":{"name":"(anonymous_1)","decl":{"start":{"line":5,"column":27},"end":{"line":5,"column":32}},"loc":{"start":{"line":5,"column":65},"end":{"line":12,"column":1}}},"1":{"name":"(anonymous_2)","decl":{"start":{"line":15,"column":26},"end":{"line":15,"column":31}},"loc":{"start":{"line":15,"column":64},"end":{"line":25,"column":1}}},"2":{"name":"(anonymous_3)","decl":{"start":{"line":28,"column":26},"end":{"line":28,"column":31}},"loc":{"start":{"line":28,"column":64},"end":{"line":36,"column":1}}}},"branchMap":{},"s":{"0":4,"1":4,"2":2,"3":2,"4":2,"5":0,"6":4,"7":4,"8":1,"9":1,"10":1,"11":1,"12":1,"13":0,"14":4,"15":4,"16":1,"17":1,"18":1,"19":1,"20":0,"21":4},"f":{"0":2,"1":1,"2":1},"b":{}}
,"C:\\Users\\monom\\Desktop\\FluxoDeCaixa---BACKEND\\src\\middlewares\\authMiddleware.ts": {"path":"C:\\Users\\monom\\Desktop\\FluxoDeCaixa---BACKEND\\src\\middlewares\\authMiddleware.ts","statementMap":{"0":{"start":{"line":2,"column":0},"end":{"line":2,"column":31}},"1":{"start":{"line":12,"column":19},"end":{"line":12,"column":60}},"2":{"start":{"line":14,"column":30},"end":{"line":39,"column":1}},"3":{"start":{"line":15,"column":23},"end":{"line":15,"column":48}},"4":{"start":{"line":16,"column":18},"end":{"line":16,"column":56}},"5":{"start":{"line":18,"column":4},"end":{"line":21,"column":5}},"6":{"start":{"line":19,"column":6},"end":{"line":19,"column":59}},"7":{"start":{"line":20,"column":6},"end":{"line":20,"column":12}},"8":{"start":{"line":23,"column":4},"end":{"line":38,"column":5}},"9":{"start":{"line":24,"column":24},"end":{"line":24,"column":null}},"10":{"start":{"line":30,"column":4},"end":{"line":30,"column":28}},"11":{"start":{"line":31,"column":4},"end":{"line":31,"column":38}},"12":{"start":{"line":33,"column":4},"end":{"line":33,"column":11}},"13":{"start":{"line":36,"column":8},"end":{"line":36,"column":71}},"14":{"start":{"line":37,"column":8},"end":{"line":37,"column":14}},"15":{"start":{"line":14,"column":13},"end":{"line":14,"column":30}}},"fnMap":{"0":{"name":"(anonymous_1)","decl":{"start":{"line":14,"column":30},"end":{"line":14,"column":31}},"loc":{"start":{"line":14,"column":88},"end":{"line":39,"column":1}}}},"branchMap":{"0":{"loc":{"start":{"line":12,"column":19},"end":{"line":12,"column":60}},"type":"binary-expr","locations":[{"start":{"line":12,"column":19},"end":{"line":12,"column":41}},{"start":{"line":12,"column":45},"end":{"line":12,"column":60}}]},"1":{"loc":{"start":{"line":16,"column":18},"end":{"line":16,"column":56}},"type":"binary-expr","locations":[{"start":{"line":16,"column":18},"end":{"line":16,"column":28}},{"start":{"line":16,"column":32},"end":{"line":16,"column":56}}]},"2":{"loc":{"start":{"line":18,"column":4},"end":{"line":21,"column":5}},"type":"if","locations":[{"start":{"line":18,"column":4},"end":{"line":21,"column":5}},{"start":{},"end":{}}]}},"s":{"0":5,"1":5,"2":5,"3":8,"4":8,"5":8,"6":4,"7":4,"8":4,"9":4,"10":4,"11":4,"12":4,"13":0,"14":0,"15":5},"f":{"0":8},"b":{"0":[5,1],"1":[8,4],"2":[4,4]}}
,"C:\\Users\\monom\\Desktop\\FluxoDeCaixa---BACKEND\\src\\middlewares\\roleMiddleware.ts": {"path":"C:\\Users\\monom\\Desktop\\FluxoDeCaixa---BACKEND\\src\\middlewares\\roleMiddleware.ts","statementMap":{"0":{"start":{"line":14,"column":30},"end":{"line":23,"column":1}},"1":{"start":{"line":15,"column":15},"end":{"line":15,"column":23}},"2":{"start":{"line":17,"column":2},"end":{"line":20,"column":3}},"3":{"start":{"line":18,"column":4},"end":{"line":18,"column":76}},"4":{"start":{"line":19,"column":4},"end":{"line":19,"column":11}},"5":{"start":{"line":22,"column":2},"end":{"line":22,"column":9}},"6":{"start":{"line":14,"column":13},"end":{"line":14,"column":30}}},"fnMap":{"0":{"name":"(anonymous_0)","decl":{"start":{"line":14,"column":30},"end":{"line":14,"column":31}},"loc":{"start":{"line":14,"column":88},"end":{"line":23,"column":1}}}},"branchMap":{"0":{"loc":{"start":{"line":17,"column":2},"end":{"line":20,"column":3}},"type":"if","locations":[{"start":{"line":17,"column":2},"end":{"line":20,"column":3}},{"start":{},"end":{}}]},"1":{"loc":{"start":{"line":17,"column":6},"end":{"line":17,"column":36}},"type":"binary-expr","locations":[{"start":{"line":17,"column":6},"end":{"line":17,"column":11}},{"start":{"line":17,"column":15},"end":{"line":17,"column":36}}]}},"s":{"0":5,"1":4,"2":4,"3":1,"4":1,"5":3,"6":5},"f":{"0":4},"b":{"0":[1,3],"1":[4,4]}}
,"C:\\Users\\monom\\Desktop\\FluxoDeCaixa---BACKEND\\src\\models\\flowModel.ts": {"path":"C:\\Users\\monom\\Desktop\\FluxoDeCaixa---BACKEND\\src\\models\\flowModel.ts","statementMap":{"0":{"start":{"line":1,"column":0},"end":{"line":1,"column":40}},"1":{"start":{"line":15,"column":18},"end":{"line":62,"column":2}},"2":{"start":{"line":17,"column":4},"end":{"line":19,"column":7}},"3":{"start":{"line":23,"column":4},"end":{"line":25,"column":7}},"4":{"start":{"line":29,"column":4},"end":{"line":39,"column":7}},"5":{"start":{"line":43,"column":4},"end":{"line":54,"column":7}},"6":{"start":{"line":58,"column":4},"end":{"line":60,"column":7}},"7":{"start":{"line":64,"column":0},"end":{"line":64,"column":25}}},"fnMap":{"0":{"name":"(anonymous_1)","decl":{"start":{"line":16,"column":2},"end":{"line":16,"column":7}},"loc":{"start":{"line":16,"column":40},"end":{"line":20,"column":3}}},"1":{"name":"(anonymous_2)","decl":{"start":{"line":22,"column":2},"end":{"line":22,"column":7}},"loc":{"start":{"line":22,"column":26},"end":{"line":26,"column":3}}},"2":{"name":"(anonymous_3)","decl":{"start":{"line":28,"column":2},"end":{"line":28,"column":7}},"loc":{"start":{"line":28,"column":102},"end":{"line":40,"column":3}}},"3":{"name":"(anonymous_4)","decl":{"start":{"line":42,"column":2},"end":{"line":42,"column":7}},"loc":{"start":{"line":42,"column":113},"end":{"line":55,"column":3}}},"4":{"name":"(anonymous_5)","decl":{"start":{"line":57,"column":2},"end":{"line":57,"column":7}},"loc":{"start":{"line":57,"column":25},"end":{"line":61,"column":3}}}},"branchMap":{},"s":{"0":5,"1":5,"2":3,"3":3,"4":2,"5":4,"6":4,"7":5},"f":{"0":3,"1":3,"2":2,"3":4,"4":4},"b":{}}
,"C:\\Users\\monom\\Desktop\\FluxoDeCaixa---BACKEND\\src\\models\\userModel.ts": {"path":"C:\\Users\\monom\\Desktop\\FluxoDeCaixa---BACKEND\\src\\models\\userModel.ts","statementMap":{"0":{"start":{"line":1,"column":0},"end":{"line":1,"column":40}},"1":{"start":{"line":3,"column":0},"end":{"line":3,"column":28}},"2":{"start":{"line":18,"column":18},"end":{"line":137,"column":null}},"3":{"start":{"line":20,"column":25},"end":{"line":20,"column":75}},"4":{"start":{"line":22,"column":4},"end":{"line":24,"column":5}},"5":{"start":{"line":23,"column":6},"end":{"line":23,"column":47}},"6":{"start":{"line":25,"column":27},"end":{"line":25,"column":58}},"7":{"start":{"line":27,"column":17},"end":{"line":29,"column":6}},"8":{"start":{"line":31,"column":4},"end":{"line":31,"column":80}},"9":{"start":{"line":36,"column":15},"end":{"line":36,"column":65}},"10":{"start":{"line":38,"column":2},"end":{"line":40,"column":5}},"11":{"start":{"line":39,"column":4},"end":{"line":39,"column":47}},"12":{"start":{"line":42,"column":2},"end":{"line":44,"column":3}},"13":{"start":{"line":43,"column":4},"end":{"line":43,"column":70}},"14":{"start":{"line":46,"column":26},"end":{"line":46,"column":71}},"15":{"start":{"line":48,"column":2},"end":{"line":57,"column":3}},"16":{"start":{"line":49,"column":24},"end":{"line":49,"column":108}},"17":{"start":{"line":51,"column":4},"end":{"line":54,"column":5}},"18":{"start":{"line":52,"column":6},"end":{"line":52,"column":131}},"19":{"start":{"line":53,"column":6},"end":{"line":53,"column":103}},"20":{"start":{"line":56,"column":4},"end":{"line":56,"column":39}},"21":{"start":{"line":59,"column":2},"end":{"line":59,"column":94}},"22":{"start":{"line":61,"column":2},"end":{"line":61,"column":78}},"23":{"start":{"line":66,"column":17},"end":{"line":66,"column":67}},"24":{"start":{"line":67,"column":4},"end":{"line":67,"column":18}},"25":{"start":{"line":72,"column":4},"end":{"line":72,"column":40}},"26":{"start":{"line":77,"column":27},"end":{"line":77,"column":58}},"27":{"start":{"line":79,"column":4},"end":{"line":82,"column":7}},"28":{"start":{"line":87,"column":4},"end":{"line":87,"column":55}},"29":{"start":{"line":91,"column":17},"end":{"line":91,"column":67}},"30":{"start":{"line":93,"column":4},"end":{"line":95,"column":5}},"31":{"start":{"line":94,"column":6},"end":{"line":94,"column":49}},"32":{"start":{"line":97,"column":27},"end":{"line":97,"column":61}},"33":{"start":{"line":99,"column":4},"end":{"line":102,"column":7}},"34":{"start":{"line":104,"column":4},"end":{"line":104,"column":56}},"35":{"start":{"line":108,"column":17},"end":{"line":111,"column":6}},"36":{"start":{"line":112,"column":4},"end":{"line":112,"column":16}},"37":{"start":{"line":116,"column":15},"end":{"line":116,"column":84}},"38":{"start":{"line":118,"column":2},"end":{"line":120,"column":3}},"39":{"start":{"line":119,"column":4},"end":{"line":119,"column":39}},"40":{"start":{"line":122,"column":2},"end":{"line":124,"column":3}},"41":{"start":{"line":123,"column":4},"end":{"line":123,"column":39}},"42":{"start":{"line":126,"column":2},"end":{"line":126,"column":14}},"43":{"start":{"line":130,"column":17},"end":{"line":133,"column":6}},"44":{"start":{"line":134,"column":4},"end":{"line":134,"column":16}},"45":{"start":{"line":139,"column":0},"end":{"line":139,"column":25}}},"fnMap":{"0":{"name":"(anonymous_1)","decl":{"start":{"line":19,"column":2},"end":{"line":19,"column":7}},"loc":{"start":{"line":19,"column":62},"end":{"line":32,"column":3}}},"1":{"name":"(anonymous_2)","decl":{"start":{"line":35,"column":2},"end":{"line":35,"column":7}},"loc":{"start":{"line":35,"column":44},"end":{"line":62,"column":1}}},"2":{"name":"(anonymous_3)","decl":{"start":{"line":65,"column":2},"end":{"line":65,"column":7}},"loc":{"start":{"line":65,"column":31},"end":{"line":68,"column":3}}},"3":{"name":"(anonymous_4)","decl":{"start":{"line":71,"column":2},"end":{"line":71,"column":7}},"loc":{"start":{"line":71,"column":14},"end":{"line":73,"column":3}}},"4":{"name":"(anonymous_5)","decl":{"start":{"line":76,"column":2},"end":{"line":76,"column":7}},"loc":{"start":{"line":76,"column":88},"end":{"line":83,"column":3}}},"5":{"name":"(anonymous_6)","decl":{"start":{"line":86,"column":2},"end":{"line":86,"column":7}},"loc":{"start":{"line":86,"column":25},"end":{"line":88,"column":3}}},"6":{"name":"(anonymous_7)","decl":{"start":{"line":90,"column":2},"end":{"line":90,"column":7}},"loc":{"start":{"line":90,"column":84},"end":{"line":105,"column":3}}},"7":{"name":"(anonymous_8)","decl":{"start":{"line":107,"column":2},"end":{"line":107,"column":7}},"loc":{"start":{"line":107,"column":85},"end":{"line":113,"column":3}}},"8":{"name":"(anonymous_9)","decl":{"start":{"line":115,"column":1},"end":{"line":115,"column":6}},"loc":{"start":{"line":115,"column":34},"end":{"line":127,"column":1}}},"9":{"name":"(anonymous_10)","decl":{"start":{"line":129,"column":2},"end":{"line":129,"column":7}},"loc":{"start":{"line":129,"column":33},"end":{"line":135,"column":3}}}},"branchMap":{"0":{"loc":{"start":{"line":22,"column":4},"end":{"line":24,"column":5}},"type":"if","locations":[{"start":{"line":22,"column":4},"end":{"line":24,"column":5}},{"start":{},"end":{}}]},"1":{"loc":{"start":{"line":38,"column":2},"end":{"line":40,"column":5}},"type":"if","locations":[{"start":{"line":38,"column":2},"end":{"line":40,"column":5}},{"start":{},"end":{}}]},"2":{"loc":{"start":{"line":42,"column":2},"end":{"line":44,"column":3}},"type":"if","locations":[{"start":{"line":42,"column":2},"end":{"line":44,"column":3}},{"start":{},"end":{}}]},"3":{"loc":{"start":{"line":42,"column":6},"end":{"line":42,"column":57}},"type":"binary-expr","locations":[{"start":{"line":42,"column":6},"end":{"line":42,"column":23}},{"start":{"line":42,"column":27},"end":{"line":42,"column":57}}]},"4":{"loc":{"start":{"line":48,"column":2},"end":{"line":57,"column":3}},"type":"if","locations":[{"start":{"line":48,"column":2},"end":{"line":57,"column":3}},{"start":{},"end":{}}]},"5":{"loc":{"start":{"line":51,"column":4},"end":{"line":54,"column":5}},"type":"if","locations":[{"start":{"line":51,"column":4},"end":{"line":54,"column":5}},{"start":{},"end":{}}]},"6":{"loc":{"start":{"line":93,"column":4},"end":{"line":95,"column":5}},"type":"if","locations":[{"start":{"line":93,"column":4},"end":{"line":95,"column":5}},{"start":{},"end":{}}]},"7":{"loc":{"start":{"line":118,"column":2},"end":{"line":120,"column":3}},"type":"if","locations":[{"start":{"line":118,"column":2},"end":{"line":120,"column":3}},{"start":{},"end":{}}]},"8":{"loc":{"start":{"line":122,"column":2},"end":{"line":124,"column":3}},"type":"if","locations":[{"start":{"line":122,"column":2},"end":{"line":124,"column":3}},{"start":{},"end":{}}]},"9":{"loc":{"start":{"line":122,"column":6},"end":{"line":122,"column":66}},"type":"binary-expr","locations":[{"start":{"line":122,"column":6},"end":{"line":122,"column":28}},{"start":{"line":122,"column":32},"end":{"line":122,"column":66}}]}},"s":{"0":5,"1":5,"2":5,"3":6,"4":6,"5":5,"6":1,"7":1,"8":1,"9":2,"10":2,"11":0,"12":2,"13":0,"14":2,"15":2,"16":1,"17":1,"18":0,"19":0,"20":1,"21":1,"22":1,"23":2,"24":2,"25":3,"26":3,"27":3,"28":3,"29":2,"30":2,"31":1,"32":1,"33":1,"34":1,"35":1,"36":1,"37":0,"38":0,"39":0,"40":0,"41":0,"42":0,"43":1,"44":1,"45":5},"f":{"0":6,"1":2,"2":2,"3":3,"4":3,"5":3,"6":2,"7":1,"8":0,"9":1},"b":{"0":[5,1],"1":[0,2],"2":[0,2],"3":[2,0],"4":[1,1],"5":[0,1],"6":[1,1],"7":[0,0],"8":[0,0],"9":[0,0]}}
,"C:\\Users\\monom\\Desktop\\FluxoDeCaixa---BACKEND\\src\\routes\\authRoutes.ts": {"path":"C:\\Users\\monom\\Desktop\\FluxoDeCaixa---BACKEND\\src\\routes\\authRoutes.ts","statementMap":{"0":{"start":{"line":1,"column":0},"end":{"line":1,"column":33}},"1":{"start":{"line":2,"column":0},"end":{"line":2,"column":86}},"2":{"start":{"line":4,"column":15},"end":{"line":4,"column":23}},"3":{"start":{"line":74,"column":0},"end":{"line":74,"column":40}},"4":{"start":{"line":149,"column":0},"end":{"line":149,"column":34}},"5":{"start":{"line":192,"column":0},"end":{"line":192,"column":43}},"6":{"start":{"line":212,"column":0},"end":{"line":212,"column":36}},"7":{"start":{"line":214,"column":0},"end":{"line":214,"column":22}}},"fnMap":{},"branchMap":{},"s":{"0":4,"1":4,"2":4,"3":4,"4":4,"5":4,"6":4,"7":4},"f":{},"b":{}}
,"C:\\Users\\monom\\Desktop\\FluxoDeCaixa---BACKEND\\src\\routes\\flowRoutes.ts": {"path":"C:\\Users\\monom\\Desktop\\FluxoDeCaixa---BACKEND\\src\\routes\\flowRoutes.ts","statementMap":{"0":{"start":{"line":1,"column":0},"end":{"line":1,"column":33}},"1":{"start":{"line":2,"column":0},"end":{"line":2,"column":null}},"2":{"start":{"line":10,"column":15},"end":{"line":10,"column":23}},"3":{"start":{"line":13,"column":0},"end":{"line":13,"column":51}},"4":{"start":{"line":16,"column":0},"end":{"line":16,"column":38}},"5":{"start":{"line":19,"column":0},"end":{"line":19,"column":34}},"6":{"start":{"line":22,"column":0},"end":{"line":22,"column":37}},"7":{"start":{"line":25,"column":0},"end":{"line":25,"column":40}},"8":{"start":{"line":27,"column":0},"end":{"line":27,"column":22}}},"fnMap":{},"branchMap":{},"s":{"0":4,"1":4,"2":4,"3":4,"4":4,"5":4,"6":4,"7":4,"8":4},"f":{},"b":{}}
,"C:\\Users\\monom\\Desktop\\FluxoDeCaixa---BACKEND\\src\\routes\\recPasswordRoutes.ts": {"path":"C:\\Users\\monom\\Desktop\\FluxoDeCaixa---BACKEND\\src\\routes\\recPasswordRoutes.ts","statementMap":{"0":{"start":{"line":1,"column":0},"end":{"line":1,"column":33}},"1":{"start":{"line":2,"column":0},"end":{"line":2,"column":101}},"2":{"start":{"line":4,"column":15},"end":{"line":4,"column":23}},"3":{"start":{"line":69,"column":0},"end":{"line":69,"column":56}},"4":{"start":{"line":131,"column":0},"end":{"line":131,"column":51}},"5":{"start":{"line":180,"column":0},"end":{"line":180,"column":48}},"6":{"start":{"line":182,"column":0},"end":{"line":182,"column":22}}},"fnMap":{},"branchMap":{},"s":{"0":4,"1":4,"2":4,"3":4,"4":4,"5":4,"6":4},"f":{},"b":{}}
,"C:\\Users\\monom\\Desktop\\FluxoDeCaixa---BACKEND\\src\\routes\\userRoutes.ts": {"path":"C:\\Users\\monom\\Desktop\\FluxoDeCaixa---BACKEND\\src\\routes\\userRoutes.ts","statementMap":{"0":{"start":{"line":1,"column":0},"end":{"line":1,"column":33}},"1":{"start":{"line":2,"column":0},"end":{"line":2,"column":84}},"2":{"start":{"line":3,"column":0},"end":{"line":3,"column":63}},"3":{"start":{"line":4,"column":0},"end":{"line":4,"column":63}},"4":{"start":{"line":6,"column":15},"end":{"line":6,"column":23}},"5":{"start":{"line":46,"column":0},"end":{"line":46,"column":66}},"6":{"start":{"line":110,"column":0},"end":{"line":110,"column":53}},"7":{"start":{"line":162,"column":0},"end":{"line":162,"column":56}},"8":{"start":{"line":164,"column":0},"end":{"line":164,"column":22}}},"fnMap":{},"branchMap":{},"s":{"0":4,"1":4,"2":4,"3":4,"4":4,"5":4,"6":4,"7":4,"8":4},"f":{},"b":{}}
}
