TN:
SF:src\controllers\authController.ts
FN:10,(anonymous_1)
FN:34,(anonymous_2)
FN:84,(anonymous_3)
FN:108,(anonymous_4)
FNF:4
FNH:4
FNDA:6,(anonymous_1)
FNDA:3,(anonymous_2)
FNDA:2,(anonymous_3)
FNDA:1,(anonymous_4)
DA:2,4
DA:5,4
DA:6,4
DA:7,4
DA:10,4
DA:11,6
DA:13,6
DA:14,1
DA:15,1
DA:18,5
DA:19,1
DA:20,1
DA:23,4
DA:25,4
DA:26,4
DA:27,0
DA:29,4
DA:34,4
DA:35,3
DA:37,3
DA:38,1
DA:39,1
DA:42,2
DA:43,2
DA:46,1
DA:53,1
DA:59,1
DA:67,1
DA:78,1
DA:79,1
DA:84,4
DA:85,2
DA:87,2
DA:88,1
DA:89,1
DA:92,1
DA:93,1
DA:95,0
DA:101,0
DA:103,1
DA:108,4
DA:109,1
DA:115,1
LF:43
LH:40
BRDA:6,0,0,4
BRDA:6,0,1,0
BRDA:7,1,0,4
BRDA:7,1,1,4
BRDA:13,2,0,1
BRDA:13,2,1,5
BRDA:13,3,0,6
BRDA:13,3,1,5
BRDA:13,3,2,5
BRDA:18,4,0,1
BRDA:18,4,1,4
BRDA:23,5,0,4
BRDA:23,5,1,1
BRDA:37,6,0,1
BRDA:37,6,1,2
BRDA:37,7,0,3
BRDA:37,7,1,2
BRDA:78,8,0,1
BRDA:78,8,1,0
BRDA:87,9,0,1
BRDA:87,9,1,1
BRF:21
BRH:19
end_of_record
TN:
SF:src\controllers\flowController.ts
FN:5,(anonymous_1)
FN:16,(anonymous_2)
FN:27,(anonymous_3)
FN:47,(anonymous_4)
FN:68,(anonymous_5)
FNF:5
FNH:5
FNDA:2,(anonymous_1)
FNDA:2,(anonymous_2)
FNDA:1,(anonymous_3)
FNDA:3,(anonymous_4)
FNDA:3,(anonymous_5)
DA:2,4
DA:5,4
DA:6,2
DA:7,2
DA:8,2
DA:9,1
DA:11,1
DA:16,4
DA:17,2
DA:18,2
DA:19,2
DA:20,1
DA:22,1
DA:27,4
DA:28,1
DA:29,1
DA:30,1
DA:39,1
DA:41,0
DA:47,4
DA:48,3
DA:49,3
DA:50,3
DA:51,3
DA:60,0
DA:62,3
DA:68,4
DA:69,3
DA:70,3
DA:71,3
DA:72,1
DA:74,2
LF:32
LH:30
BRF:0
BRH:0
end_of_record
TN:
SF:src\controllers\recPasswordController.ts
FN:10,(anonymous_1)
FN:145,(anonymous_2)
FN:170,(anonymous_3)
FNF:3
FNH:3
FNDA:3,(anonymous_1)
FNDA:4,(anonymous_2)
FNDA:10,(anonymous_3)
DA:2,4
DA:3,4
DA:4,4
DA:5,4
DA:7,4
DA:8,4
DA:10,4
DA:11,3
DA:13,3
DA:14,1
DA:15,1
DA:18,2
DA:19,2
DA:21,2
DA:22,1
DA:23,1
DA:27,1
DA:28,1
DA:30,1
DA:32,1
DA:35,1
DA:134,1
DA:135,1
DA:136,1
DA:139,0
DA:140,0
DA:145,4
DA:146,4
DA:147,4
DA:149,4
DA:150,2
DA:151,2
DA:155,2
DA:157,1
DA:158,1
DA:159,1
DA:161,0
DA:164,1
DA:165,1
DA:170,4
DA:171,10
DA:172,10
DA:174,10
DA:175,3
DA:176,3
DA:179,7
DA:180,2
DA:181,2
DA:184,5
DA:185,5
DA:186,4
DA:187,1
DA:188,1
DA:191,3
DA:192,2
DA:194,1
DA:196,3
DA:197,3
LF:58
LH:55
BRDA:13,0,0,1
BRDA:13,0,1,2
BRDA:21,1,0,1
BRDA:21,1,1,1
BRDA:140,2,0,0
BRDA:140,2,1,0
BRDA:149,3,0,2
BRDA:149,3,1,2
BRDA:157,4,0,1
BRDA:157,4,1,0
BRDA:165,5,0,1
BRDA:165,5,1,0
BRDA:174,6,0,3
BRDA:174,6,1,7
BRDA:174,7,0,10
BRDA:174,7,1,8
BRDA:179,8,0,2
BRDA:179,8,1,5
BRDA:186,9,0,1
BRDA:186,9,1,3
BRDA:197,10,0,3
BRDA:197,10,1,0
BRF:22
BRH:17
end_of_record
TN:
SF:src\controllers\userController.ts
FN:5,(anonymous_1)
FN:15,(anonymous_2)
FN:28,(anonymous_3)
FNF:3
FNH:3
FNDA:2,(anonymous_1)
FNDA:1,(anonymous_2)
FNDA:1,(anonymous_3)
DA:2,4
DA:5,4
DA:6,2
DA:7,2
DA:8,2
DA:10,0
DA:15,4
DA:16,1
DA:17,1
DA:19,1
DA:20,1
DA:21,1
DA:23,0
DA:28,4
DA:29,1
DA:30,1
DA:31,1
DA:32,1
DA:34,0
LF:19
LH:16
BRF:0
BRH:0
end_of_record
TN:
SF:src\middlewares\authMiddleware.ts
FN:14,(anonymous_1)
FNF:1
FNH:1
FNDA:8,(anonymous_1)
DA:2,5
DA:12,5
DA:14,5
DA:15,8
DA:16,8
DA:18,8
DA:19,4
DA:20,4
DA:23,4
DA:24,4
DA:30,4
DA:31,4
DA:33,4
DA:36,0
DA:37,0
LF:15
LH:13
BRDA:12,0,0,5
BRDA:12,0,1,1
BRDA:16,1,0,8
BRDA:16,1,1,4
BRDA:18,2,0,4
BRDA:18,2,1,4
BRF:6
BRH:6
end_of_record
TN:
SF:src\middlewares\roleMiddleware.ts
FN:14,(anonymous_0)
FNF:1
FNH:1
FNDA:4,(anonymous_0)
DA:14,5
DA:15,4
DA:17,4
DA:18,1
DA:19,1
DA:22,3
LF:6
LH:6
BRDA:17,0,0,1
BRDA:17,0,1,3
BRDA:17,1,0,4
BRDA:17,1,1,4
BRF:4
BRH:4
end_of_record
TN:
SF:src\models\flowModel.ts
FN:16,(anonymous_1)
FN:22,(anonymous_2)
FN:28,(anonymous_3)
FN:42,(anonymous_4)
FN:57,(anonymous_5)
FNF:5
FNH:5
FNDA:3,(anonymous_1)
FNDA:3,(anonymous_2)
FNDA:2,(anonymous_3)
FNDA:4,(anonymous_4)
FNDA:4,(anonymous_5)
DA:1,5
DA:15,5
DA:17,3
DA:23,3
DA:29,2
DA:43,4
DA:58,4
DA:64,5
LF:8
LH:8
BRF:0
BRH:0
end_of_record
TN:
SF:src\models\userModel.ts
FN:19,(anonymous_1)
FN:35,(anonymous_2)
FN:65,(anonymous_3)
FN:71,(anonymous_4)
FN:76,(anonymous_5)
FN:86,(anonymous_6)
FN:90,(anonymous_7)
FN:107,(anonymous_8)
FN:115,(anonymous_9)
FN:129,(anonymous_10)
FNF:10
FNH:9
FNDA:6,(anonymous_1)
FNDA:2,(anonymous_2)
FNDA:2,(anonymous_3)
FNDA:3,(anonymous_4)
FNDA:3,(anonymous_5)
FNDA:3,(anonymous_6)
FNDA:2,(anonymous_7)
FNDA:1,(anonymous_8)
FNDA:0,(anonymous_9)
FNDA:1,(anonymous_10)
DA:1,5
DA:3,5
DA:18,5
DA:20,6
DA:22,6
DA:23,5
DA:25,1
DA:27,1
DA:31,1
DA:36,2
DA:38,2
DA:39,0
DA:42,2
DA:43,0
DA:46,2
DA:48,2
DA:49,1
DA:51,1
DA:52,0
DA:53,0
DA:56,1
DA:59,1
DA:61,1
DA:66,2
DA:67,2
DA:72,3
DA:77,3
DA:79,3
DA:87,3
DA:91,2
DA:93,2
DA:94,1
DA:97,1
DA:99,1
DA:104,1
DA:108,1
DA:112,1
DA:116,0
DA:118,0
DA:119,0
DA:122,0
DA:123,0
DA:126,0
DA:130,1
DA:134,1
DA:139,5
LF:46
LH:36
BRDA:22,0,0,5
BRDA:22,0,1,1
BRDA:38,1,0,0
BRDA:38,1,1,2
BRDA:42,2,0,0
BRDA:42,2,1,2
BRDA:42,3,0,2
BRDA:42,3,1,0
BRDA:48,4,0,1
BRDA:48,4,1,1
BRDA:51,5,0,0
BRDA:51,5,1,1
BRDA:93,6,0,1
BRDA:93,6,1,1
BRDA:118,7,0,0
BRDA:118,7,1,0
BRDA:122,8,0,0
BRDA:122,8,1,0
BRDA:122,9,0,0
BRDA:122,9,1,0
BRF:20
BRH:10
end_of_record
TN:
SF:src\routes\authRoutes.ts
FNF:0
FNH:0
DA:1,4
DA:2,4
DA:4,4
DA:74,4
DA:149,4
DA:192,4
DA:212,4
DA:214,4
LF:8
LH:8
BRF:0
BRH:0
end_of_record
TN:
SF:src\routes\flowRoutes.ts
FNF:0
FNH:0
DA:1,4
DA:2,4
DA:10,4
DA:13,4
DA:16,4
DA:19,4
DA:22,4
DA:25,4
DA:27,4
LF:9
LH:9
BRF:0
BRH:0
end_of_record
TN:
SF:src\routes\recPasswordRoutes.ts
FNF:0
FNH:0
DA:1,4
DA:2,4
DA:4,4
DA:69,4
DA:131,4
DA:180,4
DA:182,4
LF:7
LH:7
BRF:0
BRH:0
end_of_record
TN:
SF:src\routes\userRoutes.ts
FNF:0
FNH:0
DA:1,4
DA:2,4
DA:3,4
DA:4,4
DA:6,4
DA:46,4
DA:110,4
DA:162,4
DA:164,4
LF:9
LH:9
BRF:0
BRH:0
end_of_record
